<?xml version="1.0" encoding="UTF-8"?>
<!-- Generated by org.testng.reporters.JUnitReportReporter -->
<testsuite hostname="Arjun" failures="0" tests="2" name="com.POD.mainTestNG" time="36.541" errors="0" timestamp="2021-04-10T16:37:44 IST" skipped="0">
  <testcase classname="com.POD.mainTestNG" name="SignUp" time="17.435"/>
  <system-out/>
  <testcase classname="com.POD.mainTestNG" name="SearchItem" time="19.106"/>
  <system-out/>
</testsuite> <!-- com.POD.mainTestNG -->
