<?xml version="1.0" encoding="UTF-8"?>
<!-- Generated by org.testng.reporters.JUnitReportReporter -->
<testsuite hostname="Arjun" failures="0" tests="2" name="com.Listner.TestLogin" time="21.777" errors="0" timestamp="2021-04-04T19:41:07 IST" skipped="0">
  <testcase classname="com.Listner.TestLogin" name="SearchItem" time="16.932"/>
  <system-out/>
  <testcase classname="com.Listner.TestLogin" name="SignUp" time="4.845"/>
  <system-out/>
</testsuite> <!-- com.Listner.TestLogin -->
