<?xml version="1.0" encoding="UTF-8"?>
<!-- Generated by org.testng.reporters.JUnitReportReporter -->
<testsuite hostname="Arjun" failures="0" tests="2" name="MyRunner.MyTestRunner" time="0.661" errors="0" timestamp="2021-04-10T22:12:52 IST" skipped="0">
  <testcase classname="MyRunner.MyTestRunner" name="runScenario" time="0.029"/>
  <system-out/>
  <testcase classname="MyRunner.MyTestRunner" name="runScenario" time="0.632"/>
  <system-out/>
</testsuite> <!-- MyRunner.MyTestRunner -->
